<?xml version="1.0" encoding="UTF-8"?>
<!-- Generated by org.testng.reporters.JUnitXMLReporter -->
<testsuite ignored="0" hostname="LIN76001689" failures="0" tests="3" name="Default test" time="6.847" errors="0" timestamp="2023-11-16T16:16:21 IST">
  <testcase classname="com.tests.ParsingXMLResponse" name="xmlResponse_Aproach_1" time="5.699"/>
  <testcase classname="com.tests.ParsingXMLResponse" name="xmlResponse_Aproach_2" time="0.48"/>
  <testcase classname="com.tests.ParsingXMLResponse" name="xmlResponse_Aproach_3" time="0.574"/>
</testsuite> <!-- Default test -->
